<?xml version="1.0" encoding="UTF-8"?>
<!-- Generated by org.testng.reporters.JUnitXMLReporter -->
<testsuite hostname="DESKTOP-APKP2PU" ignored="0" name="Default test" tests="4" failures="0" timestamp="02 Jun 2019 17:24:25 GMT" time="0.029" errors="0">
  <testcase name="configBM" time="0.006" classname="package2.GroupExecutionTest"/>
  <testcase name="login" time="0.001" classname="package2.GroupExecutionTest"/>
  <testcase name="payment" time="0.001" classname="package2.GroupExecutionTest"/>
  <testcase name="purchaseProduct" time="0.0" classname="package2.GroupExecutionTest"/>
</testsuite> <!-- Default test -->
