<?xml version="1.0" encoding="UTF-8"?>
<!-- Generated by org.testng.reporters.JUnitXMLReporter -->
<testsuite hostname="DESKTOP-APKP2PU" ignored="0" name="Default test" tests="3" failures="0" timestamp="02 Jun 2019 17:29:20 GMT" time="0.027" errors="0">
  <testcase name="login" time="0.004" classname="package2.GroupExecutionTest"/>
  <testcase name="payment" time="0.0" classname="package2.GroupExecutionTest"/>
  <testcase name="purchaseProduct" time="0.0" classname="package2.GroupExecutionTest"/>
</testsuite> <!-- Default test -->
