<?xml version="1.0" encoding="UTF-8"?>
<!-- Generated by org.testng.reporters.JUnitXMLReporter -->
<testsuite hostname="DESKTOP-APKP2PU" ignored="2" name="Test" tests="1" failures="0" timestamp="02 Jun 2019 17:30:45 GMT" time="0.021" errors="0">
  <testcase name="login" time="0.003" classname="package2.GroupExecutionTest"/>
  <testcase name="purchaseProduct" time="0.0" classname="package2.GroupExecutionTest">
    <ignored/>
  </testcase> <!-- purchaseProduct -->
  <testcase name="payment" time="0.0" classname="package2.GroupExecutionTest">
    <ignored/>
  </testcase> <!-- payment -->
</testsuite> <!-- Test -->
