<?xml version="1.0" encoding="UTF-8"?>
<!-- Generated by org.testng.reporters.JUnitXMLReporter -->
<testsuite hostname="DESKTOP-APKP2PU" ignored="1" name="Test" tests="2" failures="0" timestamp="02 Jun 2019 16:39:22 GMT" time="0.026" errors="0">
  <testcase name="payment" time="0.007" classname="package2.GroupExecutionTest"/>
  <testcase name="purchaseProduct" time="0.001" classname="package2.GroupExecutionTest"/>
  <testcase name="login" time="0.0" classname="package2.GroupExecutionTest">
    <ignored/>
  </testcase> <!-- login -->
</testsuite> <!-- Test -->
