<?xml version="1.0" encoding="UTF-8"?>
<testng-results skipped="0" failed="0" ignored="2" total="3" passed="1">
  <reporter-output>
  </reporter-output>
  <suite name="Suite" duration-ms="21" started-at="2019-06-02T17:30:45Z" finished-at="2019-06-02T17:30:45Z">
    <groups>
      <group name="smoke">
        <method signature="GroupExecutionTest.login()[pri:0, instance:package2.GroupExecutionTest@4f933fd1]" name="login" class="package2.GroupExecutionTest"/>
      </group> <!-- smoke -->
    </groups>
    <test name="Test" duration-ms="21" started-at="2019-06-02T17:30:45Z" finished-at="2019-06-02T17:30:45Z">
      <class name="package2.GroupExecutionTest">
        <test-method status="PASS" signature="configBM()[pri:0, instance:package2.GroupExecutionTest@4f933fd1]" name="configBM" is-config="true" duration-ms="4" started-at="2019-06-02T17:30:45Z" finished-at="2019-06-02T17:30:45Z">
          <reporter-output>
          </reporter-output>
        </test-method> <!-- configBM -->
        <test-method status="PASS" signature="login()[pri:0, instance:package2.GroupExecutionTest@4f933fd1]" name="login" duration-ms="3" started-at="2019-06-02T17:30:45Z" finished-at="2019-06-02T17:30:45Z">
          <reporter-output>
          </reporter-output>
        </test-method> <!-- login -->
      </class> <!-- package2.GroupExecutionTest -->
    </test> <!-- Test -->
  </suite> <!-- Suite -->
</testng-results>
